<?xml version="1.0" encoding="UTF-8"?>
<!-- Generated by org.testng.reporters.JUnitXMLReporter -->
<testsuite ignored="2" hostname="DESKTOP-NVASLPQ" failures="0" tests="2" name="TestRunner-1" time="140.197" errors="0" timestamp="2021-12-27T13:43:46 IST">
  <testcase classname="com.crm.Autodesk.ContactTest.CreateContactTest" name="createContactTest" time="40.354"/>
  <testcase classname="com.crm.Autodesk.OrgTest.CreateOrgwithIndustryandTypeScript" name="createOrgwithIndustryandTypeScriptTest" time="48.68"/>
  <testcase classname="com.crm.autodesk.genericutility.BaseClass" name="@BeforeSuite dbConnection" time="0.0">
    <ignored/>
  </testcase> <!-- @BeforeSuite dbConnection -->
  <testcase classname="com.crm.autodesk.genericutility.BaseClass" name="@AfterSuite closeDbConnection" time="0.0">
    <ignored/>
  </testcase> <!-- @AfterSuite closeDbConnection -->
</testsuite> <!-- TestRunner-1 -->
