<?xml version="1.0" encoding="UTF-8"?>
<!-- Generated by org.testng.reporters.JUnitXMLReporter -->
<testsuite ignored="2" hostname="DESKTOP-NVASLPQ" failures="0" tests="3" name="TestRunner-2" time="180.103" errors="0" timestamp="2021-12-27T13:44:26 IST">
  <testcase classname="com.crm.Autodesk.ContactTest.CreateContactwithOrgTest" name="createContactwithOrgTest" time="85.859"/>
  <testcase classname="com.crm.Autodesk.OrgTest.CreateOrgTest" name="createOrgTest" time="31.637"/>
  <testcase classname="com.crm.Autodesk.OrgTest.CreateOrgTest" name="rrdemo" time="0.006"/>
  <testcase classname="com.crm.autodesk.genericutility.BaseClass" name="@BeforeSuite dbConnection" time="0.0">
    <ignored/>
  </testcase> <!-- @BeforeSuite dbConnection -->
  <testcase classname="com.crm.autodesk.genericutility.BaseClass" name="@AfterSuite closeDbConnection" time="0.0">
    <ignored/>
  </testcase> <!-- @AfterSuite closeDbConnection -->
</testsuite> <!-- TestRunner-2 -->
