<?xml version="1.0" encoding="UTF-8"?>
<!-- Generated by org.testng.reporters.JUnitXMLReporter -->
<testsuite ignored="1" hostname="DESKTOP-NVASLPQ" failures="0" tests="1" name="Test" time="46.869" errors="0" timestamp="2021-12-27T15:12:37 IST">
  <testcase classname="com.crm.Autodesk.OrgTest.CreateOrgTest" name="rrdemo" time="0.025"/>
  <testcase classname="com.crm.Autodesk.OrgTest.CreateOrgTest" name="createOrgTest" time="0.0">
    <ignored/>
  </testcase> <!-- createOrgTest -->
</testsuite> <!-- Test -->
