<?xml version="1.0" encoding="UTF-8"?>
<testng-results ignored="0" total="1" passed="1" failed="0" skipped="0">
  <reporter-output>
  </reporter-output>
  <suite started-at="2021-12-29T14:44:46 IST" name="Default suite" finished-at="2021-12-29T14:45:55 IST" duration-ms="69068">
    <groups>
      <group name="RegressionSuit">
        <method signature="CreateContactwithOrgTest.createContactwithOrgTest()[pri:0, instance:com.crm.Autodesk.ContactTest.CreateContactwithOrgTest@483f6d77]" name="createContactwithOrgTest" class="com.crm.Autodesk.ContactTest.CreateContactwithOrgTest"/>
      </group> <!-- RegressionSuit -->
    </groups>
    <test started-at="2021-12-29T14:44:46 IST" name="Default test" finished-at="2021-12-29T14:45:55 IST" duration-ms="69068">
      <class name="com.crm.Autodesk.ContactTest.CreateContactwithOrgTest">
        <test-method is-config="true" signature="dbConnection()[pri:0, instance:com.crm.Autodesk.ContactTest.CreateContactwithOrgTest@483f6d77]" started-at="2021-12-29T14:44:46 IST" name="dbConnection" finished-at="2021-12-29T14:44:46 IST" duration-ms="19" status="PASS">
          <reporter-output>
          </reporter-output>
        </test-method> <!-- dbConnection -->
        <test-method is-config="true" signature="launchBrowser()[pri:0, instance:com.crm.Autodesk.ContactTest.CreateContactwithOrgTest@483f6d77]" started-at="2021-12-29T14:44:46 IST" name="launchBrowser" finished-at="2021-12-29T14:44:53 IST" duration-ms="6305" status="PASS">
          <reporter-output>
          </reporter-output>
        </test-method> <!-- launchBrowser -->
        <test-method is-config="true" signature="loginToApp()[pri:0, instance:com.crm.Autodesk.ContactTest.CreateContactwithOrgTest@483f6d77]" started-at="2021-12-29T14:44:53 IST" name="loginToApp" finished-at="2021-12-29T14:44:59 IST" duration-ms="6636" status="PASS">
          <reporter-output>
          </reporter-output>
        </test-method> <!-- loginToApp -->
        <test-method signature="createContactwithOrgTest()[pri:0, instance:com.crm.Autodesk.ContactTest.CreateContactwithOrgTest@483f6d77]" started-at="2021-12-29T14:44:59 IST" name="createContactwithOrgTest" finished-at="2021-12-29T14:45:51 IST" duration-ms="52214" status="PASS">
          <reporter-output>
          </reporter-output>
        </test-method> <!-- createContactwithOrgTest -->
        <test-method is-config="true" signature="logoutOfApp()[pri:0, instance:com.crm.Autodesk.ContactTest.CreateContactwithOrgTest@483f6d77]" started-at="2021-12-29T14:45:51 IST" name="logoutOfApp" finished-at="2021-12-29T14:45:54 IST" duration-ms="2829" status="PASS">
          <reporter-output>
          </reporter-output>
        </test-method> <!-- logoutOfApp -->
        <test-method is-config="true" signature="closeBrowser()[pri:0, instance:com.crm.Autodesk.ContactTest.CreateContactwithOrgTest@483f6d77]" started-at="2021-12-29T14:45:54 IST" name="closeBrowser" finished-at="2021-12-29T14:45:55 IST" duration-ms="989" status="PASS">
          <reporter-output>
          </reporter-output>
        </test-method> <!-- closeBrowser -->
        <test-method is-config="true" signature="closeDbConnection()[pri:0, instance:com.crm.Autodesk.ContactTest.CreateContactwithOrgTest@483f6d77]" started-at="2021-12-29T14:45:55 IST" name="closeDbConnection" finished-at="2021-12-29T14:45:55 IST" duration-ms="1" status="PASS">
          <reporter-output>
          </reporter-output>
        </test-method> <!-- closeDbConnection -->
      </class> <!-- com.crm.Autodesk.ContactTest.CreateContactwithOrgTest -->
    </test> <!-- Default test -->
  </suite> <!-- Default suite -->
</testng-results>
